c:\users\wmp\desktop\mysdlengine\wmpengine\debug\vc120.pdb
c:\users\wmp\desktop\mysdlengine\wmpengine\debug\vc120.idb
c:\users\wmp\desktop\mysdlengine\wmpengine\debug\camera2d.obj
c:\users\wmp\desktop\mysdlengine\wmpengine\debug\errors.obj
c:\users\wmp\desktop\mysdlengine\wmpengine\debug\glslprogram.obj
c:\users\wmp\desktop\mysdlengine\wmpengine\debug\imageloader.obj
c:\users\wmp\desktop\mysdlengine\wmpengine\debug\inputmanager.obj
c:\users\wmp\desktop\mysdlengine\wmpengine\debug\iomanager.obj
c:\users\wmp\desktop\mysdlengine\wmpengine\debug\picopng.obj
c:\users\wmp\desktop\mysdlengine\wmpengine\debug\resourcemanager.obj
c:\users\wmp\desktop\mysdlengine\wmpengine\debug\sprite.obj
c:\users\wmp\desktop\mysdlengine\wmpengine\debug\spritebatch.obj
c:\users\wmp\desktop\mysdlengine\wmpengine\debug\texturecache.obj
c:\users\wmp\desktop\mysdlengine\wmpengine\debug\timing.obj
c:\users\wmp\desktop\mysdlengine\wmpengine\debug\window.obj
c:\users\wmp\desktop\mysdlengine\wmpengine\debug\wmpengine.obj
c:\users\wmp\desktop\wmpstuff\wmpengine\debug\vc120.pdb
c:\users\wmp\desktop\wmpstuff\wmpengine\debug\vc120.idb
c:\users\wmp\desktop\wmpstuff\wmpengine\debug\camera2d.obj
c:\users\wmp\desktop\wmpstuff\wmpengine\debug\errors.obj
c:\users\wmp\desktop\wmpstuff\wmpengine\debug\glslprogram.obj
c:\users\wmp\desktop\wmpstuff\wmpengine\debug\imageloader.obj
c:\users\wmp\desktop\wmpstuff\wmpengine\debug\inputmanager.obj
c:\users\wmp\desktop\wmpstuff\wmpengine\debug\iomanager.obj
c:\users\wmp\desktop\wmpstuff\wmpengine\debug\picopng.obj
c:\users\wmp\desktop\wmpstuff\wmpengine\debug\resourcemanager.obj
c:\users\wmp\desktop\wmpstuff\wmpengine\debug\sprite.obj
c:\users\wmp\desktop\wmpstuff\wmpengine\debug\spritebatch.obj
c:\users\wmp\desktop\wmpstuff\wmpengine\debug\texturecache.obj
c:\users\wmp\desktop\wmpstuff\wmpengine\debug\timing.obj
c:\users\wmp\desktop\wmpstuff\wmpengine\debug\window.obj
c:\users\wmp\desktop\wmpstuff\wmpengine\debug\wmpengine.obj
c:\users\wmp\desktop\mysdlengine\debug\wmpengine.lib
c:\users\wmp\desktop\wmpstuff\debug\wmpengine.lib
c:\users\wmp\desktop\wmpstuff\wmpengine\debug\wmpengine.tlog\cl.command.1.tlog
c:\users\wmp\desktop\wmpstuff\wmpengine\debug\wmpengine.tlog\cl.read.1.tlog
c:\users\wmp\desktop\wmpstuff\wmpengine\debug\wmpengine.tlog\cl.write.1.tlog
c:\users\wmp\desktop\wmpstuff\wmpengine\debug\wmpengine.tlog\lib-link.read.1.tlog
c:\users\wmp\desktop\wmpstuff\wmpengine\debug\wmpengine.tlog\lib-link.write.1.tlog
c:\users\wmp\desktop\wmpstuff\wmpengine\debug\wmpengine.tlog\lib.command.1.tlog
