c:\users\wmp\desktop\wmpstuff\zombiegame\debug\vc120.pdb
c:\users\wmp\desktop\wmpstuff\zombiegame\debug\vc120.idb
c:\users\wmp\desktop\wmpstuff\zombiegame\debug\agent.obj
c:\users\wmp\desktop\wmpstuff\zombiegame\debug\bullet.obj
c:\users\wmp\desktop\wmpstuff\zombiegame\debug\gun.obj
c:\users\wmp\desktop\wmpstuff\zombiegame\debug\human.obj
c:\users\wmp\desktop\wmpstuff\zombiegame\debug\level.obj
c:\users\wmp\desktop\wmpstuff\zombiegame\debug\main.obj
c:\users\wmp\desktop\wmpstuff\zombiegame\debug\maingame.obj
c:\users\wmp\desktop\wmpstuff\zombiegame\debug\player.obj
c:\users\wmp\desktop\wmpstuff\zombiegame\debug\zombie.obj
c:\users\wmp\desktop\mysdlengine\debug\zombiegame.ilk
c:\users\wmp\desktop\mysdlengine\debug\zombiegame.exe
c:\users\wmp\desktop\mysdlengine\debug\zombiegame.pdb
c:\users\wmp\desktop\wmpstuff\debug\zombiegame.ilk
c:\users\wmp\desktop\wmpstuff\debug\zombiegame.exe
c:\users\wmp\desktop\wmpstuff\debug\zombiegame.pdb
c:\users\wmp\desktop\wmpstuff\zombiegame\debug\zombiegame.tlog\cl.command.1.tlog
c:\users\wmp\desktop\wmpstuff\zombiegame\debug\zombiegame.tlog\cl.read.1.tlog
c:\users\wmp\desktop\wmpstuff\zombiegame\debug\zombiegame.tlog\cl.write.1.tlog
c:\users\wmp\desktop\wmpstuff\zombiegame\debug\zombiegame.tlog\link.command.1.tlog
c:\users\wmp\desktop\wmpstuff\zombiegame\debug\zombiegame.tlog\link.read.1.tlog
c:\users\wmp\desktop\wmpstuff\zombiegame\debug\zombiegame.tlog\link.write.1.tlog
