Build started 11.4.2016 17.56.29.
     1>Project "C:\Users\WMP\Desktop\WMPStuff\ZombieGame\ZombieGame.vcxproj" on node 3 (Rebuild target(s)).
     1>ClCompile:
         C:\Program Files (x86)\Microsoft Visual Studio 12.0\VC\bin\CL.exe /c /ZI /nologo /W3 /WX- /sdl /Od /Oy- /D _MBCS /Gm /EHsc /RTC1 /MDd /GS /fp:precise /Zc:wchar_t /Zc:forScope /Fo"Debug\\" /Fd"Debug\vc120.pdb" /Gd /TP /analyze- /errorReport:prompt Agent.cpp Bullet.cpp Gun.cpp Human.cpp Level.cpp main.cpp MainGame.cpp Player.cpp Zombie.cpp
         Zombie.cpp
     1>c:\users\wmp\desktop\wmpstuff\zombiegame\zombie.cpp(46): warning C4018: '<' : signed/unsigned mismatch
         Player.cpp
         MainGame.cpp
     1>c:\users\wmp\desktop\wmpstuff\zombiegame\maingame.cpp(32): warning C4018: '<' : signed/unsigned mismatch
     1>c:\users\wmp\desktop\wmpstuff\zombiegame\maingame.cpp(36): warning C4018: '<' : signed/unsigned mismatch
     1>c:\users\wmp\desktop\wmpstuff\zombiegame\maingame.cpp(39): warning C4018: '<' : signed/unsigned mismatch
     1>c:\users\wmp\desktop\wmpstuff\zombiegame\maingame.cpp(85): warning C4244: 'argument' : conversion from 'time_t' to 'unsigned long', possible loss of data
     1>c:\users\wmp\desktop\wmpstuff\zombiegame\maingame.cpp(99): warning C4018: '<' : signed/unsigned mismatch
     1>c:\users\wmp\desktop\wmpstuff\zombiegame\maingame.cpp(155): warning C4018: '<' : signed/unsigned mismatch
     1>c:\users\wmp\desktop\wmpstuff\zombiegame\maingame.cpp(162): warning C4018: '<' : signed/unsigned mismatch
     1>c:\users\wmp\desktop\wmpstuff\zombiegame\maingame.cpp(169): warning C4018: '<' : signed/unsigned mismatch
     1>c:\users\wmp\desktop\wmpstuff\zombiegame\maingame.cpp(171): warning C4018: '<' : signed/unsigned mismatch
     1>c:\users\wmp\desktop\wmpstuff\zombiegame\maingame.cpp(175): warning C4018: '<' : signed/unsigned mismatch
     1>c:\users\wmp\desktop\wmpstuff\zombiegame\maingame.cpp(194): warning C4018: '<' : signed/unsigned mismatch
     1>c:\users\wmp\desktop\wmpstuff\zombiegame\maingame.cpp(196): warning C4018: '<' : signed/unsigned mismatch
     1>c:\users\wmp\desktop\wmpstuff\zombiegame\maingame.cpp(206): warning C4018: '<' : signed/unsigned mismatch
     1>c:\users\wmp\desktop\wmpstuff\zombiegame\maingame.cpp(219): warning C4018: '<' : signed/unsigned mismatch
     1>c:\users\wmp\desktop\wmpstuff\zombiegame\maingame.cpp(222): warning C4018: '<' : signed/unsigned mismatch
     1>c:\users\wmp\desktop\wmpstuff\zombiegame\maingame.cpp(249): warning C4018: '<' : signed/unsigned mismatch
     1>c:\users\wmp\desktop\wmpstuff\zombiegame\maingame.cpp(301): warning C4244: 'argument' : conversion from 'Sint32' to 'float', possible loss of data
     1>c:\users\wmp\desktop\wmpstuff\zombiegame\maingame.cpp(346): warning C4018: '<' : signed/unsigned mismatch
     1>c:\users\wmp\desktop\wmpstuff\zombiegame\maingame.cpp(351): warning C4018: '<' : signed/unsigned mismatch
     1>c:\users\wmp\desktop\wmpstuff\zombiegame\maingame.cpp(356): warning C4018: '<' : signed/unsigned mismatch
         main.cpp
         Level.cpp
     1>c:\users\wmp\desktop\wmpstuff\zombiegame\level.cpp(42): warning C4018: '<' : signed/unsigned mismatch
     1>c:\users\wmp\desktop\wmpstuff\zombiegame\level.cpp(43): warning C4018: '<' : signed/unsigned mismatch
     1>c:\users\wmp\desktop\wmpstuff\zombiegame\level.cpp(76): warning C4244: '=' : conversion from 'const int' to 'float', possible loss of data
     1>c:\users\wmp\desktop\wmpstuff\zombiegame\level.cpp(77): warning C4244: '=' : conversion from 'const int' to 'float', possible loss of data
         Human.cpp
     1>c:\users\wmp\desktop\wmpstuff\zombiegame\human.cpp(18): warning C4244: 'argument' : conversion from 'time_t' to 'unsigned int', possible loss of data
     1>c:\users\wmp\desktop\wmpstuff\zombiegame\human.cpp(42): warning C4244: 'argument' : conversion from 'time_t' to 'unsigned int', possible loss of data
         Gun.cpp
     1>c:\users\wmp\desktop\wmpstuff\zombiegame\gun.cpp(14): warning C4244: 'initializing' : conversion from 'float' to 'int', possible loss of data
     1>c:\users\wmp\desktop\wmpstuff\zombiegame\gun.cpp(34): warning C4244: 'argument' : conversion from 'time_t' to 'unsigned int', possible loss of data
     1>c:\program files (x86)\microsoft visual studio 12.0\vc\include\xmemory0(600): warning C4244: 'argument' : conversion from 'int' to 'float', possible loss of data
                 c:\program files (x86)\microsoft visual studio 12.0\vc\include\xmemory0(723) : see reference to function template instantiation 'void std::allocator<_Ty>::construct<_Objty,const glm::vec2&,glm::tvec2<float,0>,int&,float&>(_Objty *,const glm::vec2 &,glm::tvec2<float,0> &&,int &,float &)' being compiled
                 with
                 [
                     _Ty=Bullet
         ,            _Objty=Bullet
                 ]
                 c:\program files (x86)\microsoft visual studio 12.0\vc\include\xmemory0(723) : see reference to function template instantiation 'void std::allocator<_Ty>::construct<_Objty,const glm::vec2&,glm::tvec2<float,0>,int&,float&>(_Objty *,const glm::vec2 &,glm::tvec2<float,0> &&,int &,float &)' being compiled
                 with
                 [
                     _Ty=Bullet
         ,            _Objty=Bullet
                 ]
                 c:\program files (x86)\microsoft visual studio 12.0\vc\include\xmemory0(872) : see reference to function template instantiation 'void std::allocator_traits<_Alloc>::construct<_Ty,const glm::vec2&,glm::tvec2<float,0>,int&,float&>(std::allocator<_Ty> &,_Objty *,const glm::vec2 &,glm::tvec2<float,0> &&,int &,float &)' being compiled
                 with
                 [
                     _Alloc=std::allocator<Bullet>
         ,            _Ty=Bullet
         ,            _Objty=Bullet
                 ]
                 c:\program files (x86)\microsoft visual studio 12.0\vc\include\xmemory0(872) : see reference to function template instantiation 'void std::allocator_traits<_Alloc>::construct<_Ty,const glm::vec2&,glm::tvec2<float,0>,int&,float&>(std::allocator<_Ty> &,_Objty *,const glm::vec2 &,glm::tvec2<float,0> &&,int &,float &)' being compiled
                 with
                 [
                     _Alloc=std::allocator<Bullet>
         ,            _Ty=Bullet
         ,            _Objty=Bullet
                 ]
                 c:\program files (x86)\microsoft visual studio 12.0\vc\include\vector(899) : see reference to function template instantiation 'void std::_Wrap_alloc<std::allocator<_Ty>>::construct<Bullet,const glm::vec2&,glm::tvec2<float,0>,int&,float&>(_Ty *,const glm::vec2 &,glm::tvec2<float,0> &&,int &,float &)' being compiled
                 with
                 [
                     _Ty=Bullet
                 ]
                 c:\program files (x86)\microsoft visual studio 12.0\vc\include\vector(899) : see reference to function template instantiation 'void std::_Wrap_alloc<std::allocator<_Ty>>::construct<Bullet,const glm::vec2&,glm::tvec2<float,0>,int&,float&>(_Ty *,const glm::vec2 &,glm::tvec2<float,0> &&,int &,float &)' being compiled
                 with
                 [
                     _Ty=Bullet
                 ]
                 c:\users\wmp\desktop\wmpstuff\zombiegame\gun.cpp(44) : see reference to function template instantiation 'void std::vector<Bullet,std::allocator<_Ty>>::emplace_back<const glm::vec2&,glm::tvec2<float,0>,int&,float&>(const glm::vec2 &,glm::tvec2<float,0> &&,int &,float &)' being compiled
                 with
                 [
                     _Ty=Bullet
                 ]
                 c:\users\wmp\desktop\wmpstuff\zombiegame\gun.cpp(44) : see reference to function template instantiation 'void std::vector<Bullet,std::allocator<_Ty>>::emplace_back<const glm::vec2&,glm::tvec2<float,0>,int&,float&>(const glm::vec2 &,glm::tvec2<float,0> &&,int &,float &)' being compiled
                 with
                 [
                     _Ty=Bullet
                 ]
         Bullet.cpp
     1>c:\users\wmp\desktop\wmpstuff\zombiegame\bullet.cpp(63): warning C4244: '=' : conversion from 'float' to 'int', possible loss of data
     1>c:\users\wmp\desktop\wmpstuff\zombiegame\bullet.cpp(64): warning C4244: '=' : conversion from 'float' to 'int', possible loss of data
     1>c:\users\wmp\desktop\wmpstuff\zombiegame\bullet.cpp(67): warning C4018: '>=' : signed/unsigned mismatch
     1>c:\users\wmp\desktop\wmpstuff\zombiegame\bullet.cpp(68): warning C4018: '>=' : signed/unsigned mismatch
         Agent.cpp
     1>c:\users\wmp\desktop\wmpstuff\zombiegame\agent.cpp(49): warning C4018: '<' : signed/unsigned mismatch
     1>c:\users\wmp\desktop\wmpstuff\zombiegame\agent.cpp(131): warning C4244: 'argument' : conversion from 'float' to 'unsigned int', possible loss of data
         Generating Code...
       Link:
         C:\Program Files (x86)\Microsoft Visual Studio 12.0\VC\bin\link.exe /ERRORREPORT:PROMPT /OUT:"C:\Users\WMP\Desktop\WMPStuff\Debug\ZombieGame.exe" /INCREMENTAL /NOLOGO SDL2.lib SDL2main.lib opengl32.lib glew32.lib WMPEngine.lib kernel32.lib user32.lib gdi32.lib winspool.lib comdlg32.lib advapi32.lib shell32.lib ole32.lib oleaut32.lib uuid.lib odbc32.lib odbccp32.lib /MANIFEST /MANIFESTUAC:"level='asInvoker' uiAccess='false'" /manifest:embed /DEBUG /PDB:"C:\Users\WMP\Desktop\WMPStuff\Debug\ZombieGame.pdb" /SUBSYSTEM:CONSOLE /TLBID:1 /DYNAMICBASE /NXCOMPAT /IMPLIB:"C:\Users\WMP\Desktop\WMPStuff\Debug\ZombieGame.lib" /MACHINE:X86 Debug\Agent.obj
         Debug\Bullet.obj
         Debug\Gun.obj
         Debug\Human.obj
         Debug\Level.obj
         Debug\main.obj
         Debug\MainGame.obj
         Debug\Player.obj
         Debug\Zombie.obj
     1>MSVCRTD.lib(cinitexe.obj) : warning LNK4098: defaultlib 'msvcrt.lib' conflicts with use of other libs; use /NODEFAULTLIB:library
         ZombieGame.vcxproj -> C:\Users\WMP\Desktop\WMPStuff\Debug\ZombieGame.exe
     1>Done Building Project "C:\Users\WMP\Desktop\WMPStuff\ZombieGame\ZombieGame.vcxproj" (Rebuild target(s)).

Build succeeded.

Time Elapsed 00:00:04.95
