c:\users\wmp\desktop\mysdlengine\mysdlengine\debug\vc120.pdb
c:\users\wmp\desktop\mysdlengine\mysdlengine\debug\vc120.idb
c:\users\wmp\desktop\mysdlengine\mysdlengine\debug\engine.obj
c:\users\wmp\desktop\mysdlengine\mysdlengine\debug\main.obj
c:\users\wmp\desktop\wmpstuff\mysdlengine\debug\vc120.pdb
c:\users\wmp\desktop\wmpstuff\mysdlengine\debug\vc120.idb
c:\users\wmp\desktop\wmpstuff\mysdlengine\debug\engine.obj
c:\users\wmp\desktop\wmpstuff\mysdlengine\debug\main.obj
c:\users\wmp\desktop\mysdlengine\debug\mysdlengine.ilk
c:\users\wmp\desktop\mysdlengine\debug\mysdlengine.exe
c:\users\wmp\desktop\mysdlengine\debug\mysdlengine.pdb
c:\users\wmp\desktop\wmpstuff\debug\mysdlengine.ilk
c:\users\wmp\desktop\wmpstuff\debug\mysdlengine.exe
c:\users\wmp\desktop\wmpstuff\debug\mysdlengine.pdb
c:\users\wmp\desktop\wmpstuff\mysdlengine\debug\mysdlengine.tlog\cl.command.1.tlog
c:\users\wmp\desktop\wmpstuff\mysdlengine\debug\mysdlengine.tlog\cl.read.1.tlog
c:\users\wmp\desktop\wmpstuff\mysdlengine\debug\mysdlengine.tlog\cl.write.1.tlog
c:\users\wmp\desktop\wmpstuff\mysdlengine\debug\mysdlengine.tlog\link.command.1.tlog
c:\users\wmp\desktop\wmpstuff\mysdlengine\debug\mysdlengine.tlog\link.read.1.tlog
c:\users\wmp\desktop\wmpstuff\mysdlengine\debug\mysdlengine.tlog\link.write.1.tlog
