Build started 17.3.2016 14.14.19.
     1>Project "C:\Users\WMP\Desktop\MySDLEngine\WMPEngine\WMPEngine.vcxproj" on node 2 (Build target(s)).
     1>ClCompile:
         C:\Program Files (x86)\Microsoft Visual Studio 12.0\VC\bin\CL.exe /c /Zi /nologo /W3 /WX- /sdl /O2 /Oi /Oy- /GL /D WIN32 /D NDEBUG /D _LIB /D _UNICODE /D UNICODE /Gm- /EHsc /MD /GS /Gy /fp:precise /Zc:wchar_t /Zc:forScope /Fo"Release\\" /Fd"Release\vc120.pdb" /Gd /TP /analyze- /errorReport:prompt Camera2D.cpp Errors.cpp GLSLProgram.cpp ImageLoader.cpp InputManager.cpp ResourceManager.cpp sprite.cpp SpriteBatch.cpp TextureCache.cpp Timing.cpp Window.cpp WMPEngine.cpp
         Camera2D.cpp
     1>c:\users\wmp\desktop\mysdlengine\wmpengine\Camera2D.h(2): fatal error C1083: Cannot open include file: 'glm/glm.hpp': No such file or directory
         Errors.cpp
     1>Errors.cpp(3): fatal error C1083: Cannot open include file: 'SDL/SDL.h': No such file or directory
         GLSLProgram.cpp
     1>c:\users\wmp\desktop\mysdlengine\wmpengine\GLSLProgram.h(3): fatal error C1083: Cannot open include file: 'GL/glew.h': No such file or directory
         ImageLoader.cpp
     1>c:\users\wmp\desktop\mysdlengine\wmpengine\GLTexture.h(2): fatal error C1083: Cannot open include file: 'GL/glew.h': No such file or directory
         InputManager.cpp
     1>c:\users\wmp\desktop\mysdlengine\wmpengine\InputManager.h(3): fatal error C1083: Cannot open include file: 'glm/glm.hpp': No such file or directory
         ResourceManager.cpp
     1>c:\users\wmp\desktop\mysdlengine\wmpengine\GLTexture.h(2): fatal error C1083: Cannot open include file: 'GL/glew.h': No such file or directory
         sprite.cpp
     1>c:\users\wmp\desktop\mysdlengine\wmpengine\sprite.h(2): fatal error C1083: Cannot open include file: 'GL/glew.h': No such file or directory
         SpriteBatch.cpp
     1>c:\users\wmp\desktop\mysdlengine\wmpengine\SpriteBatch.h(3): fatal error C1083: Cannot open include file: 'GL/glew.h': No such file or directory
         TextureCache.cpp
     1>c:\users\wmp\desktop\mysdlengine\wmpengine\GLTexture.h(2): fatal error C1083: Cannot open include file: 'GL/glew.h': No such file or directory
         Timing.cpp
     1>Timing.cpp(2): fatal error C1083: Cannot open include file: 'SDL/SDL.h': No such file or directory
         Window.cpp
     1>c:\users\wmp\desktop\mysdlengine\wmpengine\Window.h(3): fatal error C1083: Cannot open include file: 'SDL/SDL.h': No such file or directory
         WMPEngine.cpp
     1>WMPEngine.cpp(1): fatal error C1083: Cannot open include file: 'SDL/SDL.h': No such file or directory
     1>Done Building Project "C:\Users\WMP\Desktop\MySDLEngine\WMPEngine\WMPEngine.vcxproj" (Build target(s)) -- FAILED.

Build FAILED.

Time Elapsed 00:00:00.81
