c:\users\jarnolaa\desktop\wmpstuff\sqlcheckers\debug\vc120.pdb
c:\users\jarnolaa\desktop\wmpstuff\sqlcheckers\debug\vc120.idb
c:\users\jarnolaa\desktop\wmpstuff\sqlcheckers\debug\boardtile.obj
c:\users\jarnolaa\desktop\wmpstuff\sqlcheckers\debug\main.obj
c:\users\jarnolaa\desktop\wmpstuff\sqlcheckers\debug\maingame.obj
c:\users\jarnolaa\desktop\wmpstuff\sqlcheckers\debug\men.obj
c:\users\jarnolaa\desktop\wmpstuff\sqlcheckers\debug\board.obj
c:\users\jarnolaa\desktop\wmpstuff\sqlcheckers\debug\sqlwriter.obj
c:\users\jarnolaa\desktop\wmpstuff\sqlcheckers\debug\sqlite3.obj
c:\users\jarnolaa\desktop\wmpstuff\debug\sqlcheckers.ilk
c:\users\jarnolaa\desktop\wmpstuff\debug\sqlcheckers.exe
c:\users\jarnolaa\desktop\wmpstuff\debug\sqlcheckers.pdb
c:\users\jarnolaa\desktop\wmpstuff\sqlcheckers\debug\sqlcheckers.tlog\cl.command.1.tlog
c:\users\jarnolaa\desktop\wmpstuff\sqlcheckers\debug\sqlcheckers.tlog\cl.read.1.tlog
c:\users\jarnolaa\desktop\wmpstuff\sqlcheckers\debug\sqlcheckers.tlog\cl.write.1.tlog
c:\users\jarnolaa\desktop\wmpstuff\sqlcheckers\debug\sqlcheckers.tlog\link.14036.read.1.tlog
c:\users\jarnolaa\desktop\wmpstuff\sqlcheckers\debug\sqlcheckers.tlog\link.14036.write.1.tlog
c:\users\jarnolaa\desktop\wmpstuff\sqlcheckers\debug\sqlcheckers.tlog\link.command.1.tlog
c:\users\jarnolaa\desktop\wmpstuff\sqlcheckers\debug\sqlcheckers.tlog\link.read.1.tlog
c:\users\jarnolaa\desktop\wmpstuff\sqlcheckers\debug\sqlcheckers.tlog\link.write.1.tlog
